info: Apr-22-2022 14:07:49: 	server listening port 3000
info: Apr-28-2022 17:44:40: 	server listening port 3000
info: Apr-29-2022 17:31:06: 	server listening port 3000
info: Apr-30-2022 09:59:04: 	server listening port 3000
info: Apr-30-2022 16:27:07: 	server listening port 3000
info: Apr-30-2022 16:42:35: 	server listening port 3000
info: Apr-30-2022 16:49:50: 	server listening port 3000
info: Apr-30-2022 17:28:48: 	server listening port 3000
info: Apr-30-2022 21:19:42: 	server listening port 3000
info: Apr-30-2022 23:17:42: 	server listening port 3000
error: Apr-30-2022 23:19:32: 	no data found
error: Apr-30-2022 23:20:16: 	no data found
info: Apr-30-2022 23:23:03: 	server listening port 3000
error: Apr-30-2022 23:24:20: 	no data found
error: Apr-30-2022 23:24:55: 	no data found
error: Apr-30-2022 23:25:41: 	no data found
info: Apr-30-2022 23:26:22: 	server listening port 3000
info: May-01-2022 10:09:08: 	server listening port 3000
error: May-01-2022 11:04:15: 	Invalid username or password
info: May-01-2022 11:24:25: 	server listening port 3000
info: May-01-2022 12:21:22: 	server listening port 3000
info: May-01-2022 14:06:25: 	server listening port 3000
info: May-01-2022 14:10:52: 	server listening port 3000
info: May-01-2022 14:45:54: 	server listening port 3000
info: May-02-2022 09:32:04: 	server listening port 3000
info: May-02-2022 10:01:47: 	server listening port 3000
info: May-02-2022 14:19:07: 	server listening port 3000
info: May-02-2022 17:57:57: 	server listening port 3000
info: May-02-2022 17:58:59: 	server listening port 3000
info: May-02-2022 18:00:19: 	server listening port 3000
info: May-02-2022 18:31:15: 	server listening port 3000
info: May-02-2022 18:47:12: 	server listening port 3000
info: May-02-2022 18:54:07: 	server listening port 3000
info: May-02-2022 18:57:02: 	server listening port 3000
info: May-02-2022 20:27:58: 	server listening port 3000
info: May-02-2022 20:41:14: 	server listening port 3000
info: May-02-2022 20:44:37: 	server listening port 3000
info: May-02-2022 20:46:59: 	server listening port 3000
info: May-02-2022 20:48:14: 	server listening port 3000
info: May-02-2022 21:00:07: 	server listening port 3000
info: May-02-2022 21:03:56: 	server listening port 3000
info: May-02-2022 21:38:39: 	server listening port 3000
error: May-02-2022 21:38:47: 	not autherized
info: May-03-2022 09:23:33: 	server listening port 3000
info: May-03-2022 09:42:37: 	server listening port 3000
info: May-03-2022 09:46:37: 	server listening port 3000
info: May-03-2022 09:46:58: 	server listening port 3000
info: May-03-2022 09:48:48: 	server listening port 3000
info: May-03-2022 09:49:54: 	server listening port 3000
info: May-03-2022 09:50:27: 	server listening port 3000
info: May-03-2022 09:51:21: 	server listening port 3000
info: May-03-2022 09:51:36: 	server listening port 3000
info: May-03-2022 09:55:56: 	server listening port 3000
info: May-03-2022 09:59:32: 	server listening port 3000
info: May-03-2022 10:05:37: 	server listening port 3000
info: May-03-2022 11:54:13: 	server listening port 3000
info: May-03-2022 11:55:07: 	server listening port 3000
info: May-03-2022 12:03:48: 	server listening port 3000
info: May-03-2022 12:21:38: 	server listening port 3000
info: May-03-2022 12:24:02: 	server listening port 3000
info: May-03-2022 12:25:55: 	server listening port 3000
info: May-03-2022 12:39:01: 	server listening port 3000
info: May-03-2022 12:46:03: 	server listening port 3000
info: May-03-2022 12:47:25: 	server listening port 3000
info: May-03-2022 12:49:24: 	server listening port 3000
info: May-03-2022 12:52:22: 	server listening port 3000
info: May-03-2022 12:56:06: 	server listening port 3000
info: May-03-2022 12:59:00: 	server listening port 3000
info: May-03-2022 13:00:42: 	server listening port 3000
error: May-03-2022 13:01:23: 	not autherized
info: May-03-2022 13:01:54: 	server listening port 3000
error: May-03-2022 13:08:16: 	not autherized
info: May-03-2022 13:14:05: 	server listening port 3000
info: May-03-2022 13:16:06: 	server listening port 3000
info: May-03-2022 14:10:37: 	server listening port 3000
error: May-03-2022 14:14:06: 	Invalid username or password
error: May-03-2022 14:15:11: 	Invalid username or password
error: May-03-2022 14:17:00: 	Invalid username or password
error: May-03-2022 14:21:23: 	Invalid username or password
error: May-03-2022 14:27:39: 	Invalid username or password
info: May-03-2022 15:01:02: 	server listening port 3000
error: May-03-2022 17:52:27: 	Invalid username or password
info: May-03-2022 18:15:49: 	server listening port 3000
info: May-03-2022 21:16:29: 	server listening port 3000
info: May-04-2022 09:22:08: 	server listening port 3000
error: May-04-2022 09:47:48: 	Invalid username or password
error: May-04-2022 10:26:59: 	Invalid username or password
error: May-04-2022 11:17:45: 	Invalid username or password
error: May-04-2022 13:14:34: 	Invalid username or password
error: May-04-2022 15:30:40: 	Invalid username or password
info: May-05-2022 09:19:12: 	server listening port 3000
info: May-05-2022 09:32:22: 	server listening port 3000
error: May-05-2022 10:19:36: 	Invalid username or password
info: May-05-2022 10:26:07: 	server listening port 3000
info: May-05-2022 12:27:35: 	server listening port 3000
error: May-05-2022 14:10:49: 	Invalid username or password
error: May-05-2022 15:58:15: 	Invalid username or password
error: May-05-2022 15:58:20: 	Invalid username or password
info: May-05-2022 21:45:54: 	server listening port 3000
info: May-06-2022 09:11:21: 	server listening port 3000
info: May-06-2022 16:14:10: 	server listening port 3000
info: May-06-2022 16:15:03: 	server listening port 3000
info: May-06-2022 16:15:33: 	server listening port 3000
info: May-06-2022 16:20:36: 	server listening port 3000
info: May-06-2022 16:48:14: 	server listening port 3000
info: May-06-2022 17:00:03: 	server listening port 3000
info: May-06-2022 17:21:55: 	server listening port 3000
info: May-06-2022 17:28:21: 	server listening port 3000
info: May-06-2022 17:30:32: 	server listening port 3000
info: May-06-2022 17:34:48: 	server listening port 3000
info: May-06-2022 22:15:00: 	server listening port 3000
info: May-07-2022 09:22:52: 	server listening port 3000
error: May-07-2022 12:30:40: 	Invalid username or password
error: May-07-2022 12:38:13: 	Invalid username or password
info: May-07-2022 18:44:52: 	server listening port 3000
info: May-08-2022 11:31:18: 	server listening port 3000
info: May-09-2022 09:06:49: 	server listening port 3000
info: May-09-2022 09:59:41: 	server listening port 3000
info: May-09-2022 10:09:37: 	server listening port 3000
info: May-09-2022 10:12:52: 	server listening port 3000
info: May-09-2022 10:13:42: 	server listening port 3000
info: May-09-2022 10:15:29: 	server listening port 3000
info: May-09-2022 10:18:22: 	server listening port 3000
info: May-09-2022 10:19:15: 	server listening port 3000
info: May-09-2022 10:20:58: 	server listening port 3000
info: May-09-2022 11:55:13: 	server listening port 3000
info: May-09-2022 12:00:30: 	server listening port 3000
info: May-09-2022 12:02:43: 	server listening port 3000
error: May-09-2022 12:39:30: 	undefined
error: May-09-2022 12:41:16: 	undefined
error: May-09-2022 12:44:39: 	undefined
error: May-09-2022 12:55:37: 	undefined
info: May-09-2022 13:00:59: 	server listening port 3000
info: May-09-2022 13:07:48: 	server listening port 3000
info: May-09-2022 13:09:30: 	server listening port 3000
info: May-09-2022 14:36:09: 	server listening port 3000
info: May-09-2022 14:50:27: 	server listening port 3000
info: May-09-2022 16:09:56: 	server listening port 3000
info: May-09-2022 16:12:47: 	server listening port 3000
info: May-09-2022 16:14:35: 	server listening port 3000
error: May-09-2022 16:48:27: 	undefined
info: May-10-2022 11:09:18: 	server listening port 3000
error: May-10-2022 11:33:00: 	Invalid username or password
error: May-10-2022 11:33:46: 	Invalid username or password
error: May-10-2022 11:33:46: 	Invalid username or password
error: May-10-2022 11:34:25: 	Invalid username or password
error: May-10-2022 11:36:28: 	Invalid username or password
info: May-10-2022 11:37:24: 	server listening port 3000
error: May-10-2022 11:37:37: 	Invalid username or password
info: May-10-2022 11:39:46: 	server listening port 3000
error: May-10-2022 11:39:51: 	Invalid username or password
info: May-10-2022 11:42:38: 	server listening port 3000
error: May-10-2022 11:42:47: 	Invalid username or password
error: May-10-2022 11:43:19: 	Invalid username or password
error: May-10-2022 11:44:19: 	Invalid username or password
info: May-10-2022 11:44:41: 	server listening port 3000
error: May-10-2022 11:44:59: 	Invalid username or password
error: May-10-2022 11:45:39: 	Invalid username or password
info: May-10-2022 11:47:43: 	server listening port 3000
info: May-10-2022 11:49:14: 	server listening port 3000
info: May-10-2022 14:08:37: 	server listening port 3000
info: May-10-2022 17:59:22: 	server listening port 3000
info: May-11-2022 12:46:20: 	server listening port 3000
info: May-11-2022 17:19:18: 	server listening port 3000
info: May-11-2022 17:27:00: 	server listening port 3000
info: May-11-2022 17:30:19: 	server listening port 3000
info: May-11-2022 17:31:43: 	server listening port 3000
info: May-11-2022 17:34:22: 	server listening port 3000
info: May-11-2022 17:35:29: 	server listening port 3000
info: May-11-2022 17:43:06: 	server listening port 3000
info: May-13-2022 12:51:15: 	server listening port 3000
info: May-19-2022 12:02:48: 	server listening port 3000
info: May-19-2022 15:25:15: 	server listening port 3000
info: May-19-2022 20:46:12: 	server listening port 3000
info: May-20-2022 09:22:49: 	server listening port 3000
error: May-20-2022 12:10:27: 	Invalid username or password
error: May-20-2022 12:55:27: 	Invalid username or password
error: May-20-2022 18:02:29: 	Invalid username or password
info: May-20-2022 21:38:51: 	server listening port 3000
info: May-21-2022 09:30:43: 	server listening port 3000
info: May-21-2022 11:37:03: 	server listening port 3000
info: May-21-2022 14:41:09: 	server listening port 3000
info: May-21-2022 21:24:48: 	server listening port 3000
info: May-22-2022 09:58:58: 	server listening port 3000
info: May-22-2022 18:53:17: 	server listening port 3000
error: May-22-2022 18:54:43: 	Invalid username or password
error: May-22-2022 18:55:18: 	Invalid username or password
error: May-22-2022 18:56:15: 	Invalid username or password
info: May-23-2022 09:26:45: 	server listening port 3000
error: May-23-2022 09:35:01: 	Invalid username or password
error: May-23-2022 18:46:20: 	Invalid username or password
info: May-23-2022 20:39:28: 	server listening port 3000
error: May-23-2022 21:50:28: 	Invalid username or password
error: May-23-2022 21:50:29: 	Invalid username or password
error: May-23-2022 21:52:48: 	Invalid username or password
error: May-23-2022 21:53:06: 	Invalid username or password
error: May-23-2022 21:53:27: 	Invalid username or password
error: May-23-2022 22:01:07: 	Invalid username or password
error: May-23-2022 22:01:28: 	Invalid username or password
error: May-23-2022 22:01:46: 	Invalid username or password
error: May-23-2022 22:02:07: 	Invalid username or password
error: May-23-2022 22:03:07: 	Invalid username or password
error: May-23-2022 22:14:44: 	Invalid username or password
error: May-23-2022 22:15:33: 	Invalid username or password
error: May-23-2022 22:15:42: 	Invalid username or password
error: May-23-2022 22:15:57: 	Invalid username or password
error: May-23-2022 22:16:09: 	Invalid username or password
error: May-23-2022 22:18:10: 	Invalid username or password
error: May-23-2022 22:18:12: 	Invalid username or password
error: May-23-2022 22:18:18: 	Invalid username or password
error: May-23-2022 22:19:37: 	Invalid username or password
error: May-23-2022 22:19:39: 	Invalid username or password
error: May-23-2022 22:21:55: 	Invalid username or password
error: May-23-2022 22:21:56: 	Invalid username or password
info: May-25-2022 12:09:38: 	server listening port 3000
info: May-25-2022 12:10:22: 	server listening port 3000
error: May-25-2022 12:12:48: 	not autherized
error: May-25-2022 12:12:51: 	not autherized
error: May-25-2022 12:12:53: 	not autherized
error: May-25-2022 12:12:54: 	not autherized
error: May-25-2022 12:12:54: 	not autherized
error: May-25-2022 12:12:54: 	not autherized
error: May-25-2022 12:12:57: 	not autherized
error: May-25-2022 12:13:52: 	not autherized
error: May-25-2022 12:13:53: 	not autherized
error: May-25-2022 12:13:53: 	not autherized
error: May-25-2022 12:13:54: 	not autherized
error: May-25-2022 12:13:54: 	not autherized
error: May-25-2022 12:13:54: 	not autherized
error: May-25-2022 12:13:54: 	not autherized
error: May-25-2022 12:13:54: 	not autherized
error: May-25-2022 12:13:55: 	not autherized
error: May-25-2022 12:16:44: 	not autherized
error: May-25-2022 12:16:44: 	not autherized
error: May-25-2022 12:16:45: 	not autherized
info: May-25-2022 13:03:34: 	server listening port 3000
error: May-25-2022 13:05:54: 	not autherized
error: May-25-2022 13:05:55: 	not autherized
error: May-25-2022 13:05:55: 	not autherized
error: May-25-2022 13:05:56: 	not autherized
error: May-25-2022 13:05:56: 	not autherized
error: May-25-2022 13:05:56: 	not autherized
error: May-25-2022 13:05:57: 	not autherized
error: May-25-2022 13:42:18: 	not autherized
error: May-25-2022 13:42:18: 	not autherized
error: May-25-2022 13:42:18: 	not autherized
error: May-25-2022 13:42:19: 	not autherized
error: May-25-2022 13:42:19: 	not autherized
error: May-25-2022 13:42:19: 	not autherized
error: May-25-2022 13:42:19: 	not autherized
error: May-25-2022 13:42:19: 	not autherized
error: May-25-2022 13:42:20: 	not autherized
error: May-25-2022 13:42:20: 	not autherized
error: May-25-2022 13:42:21: 	not autherized
info: May-25-2022 17:34:01: 	server listening port 3000
